<?xml version="1.0" encoding="UTF-8"?>
<coverage generated="1746056197233" clover="3.2.0">
  <project timestamp="1746056197233" name="All files">
    <metrics statements="90" coveredstatements="82" conditionals="32" coveredconditionals="21" methods="25" coveredmethods="23" elements="147" coveredelements="126" complexity="0" loc="90" ncloc="90" packages="1" files="3" classes="3"/>
    <file name="audioPlayer.js" path="C:\dev\breathing-app\js\audioPlayer.js">
      <metrics statements="30" coveredstatements="26" conditionals="10" coveredconditionals="6" methods="9" coveredmethods="8"/>
      <line num="3" count="6" type="stmt"/>
      <line num="4" count="6" type="stmt"/>
      <line num="5" count="6" type="stmt"/>
      <line num="6" count="6" type="stmt"/>
      <line num="8" count="6" type="stmt"/>
      <line num="12" count="6" type="stmt"/>
      <line num="13" count="6" type="stmt"/>
      <line num="14" count="6" type="stmt"/>
      <line num="18" count="6" type="cond" truecount="2" falsecount="0"/>
      <line num="19" count="1" type="stmt"/>
      <line num="20" count="1" type="stmt"/>
      <line num="22" count="6" type="cond" truecount="2" falsecount="0"/>
      <line num="23" count="5" type="stmt"/>
      <line num="24" count="5" type="stmt"/>
      <line num="25" count="5" type="stmt"/>
      <line num="26" count="5" type="stmt"/>
      <line num="28" count="1" type="stmt"/>
      <line num="29" count="1" type="stmt"/>
      <line num="34" count="1" type="cond" truecount="1" falsecount="1"/>
      <line num="35" count="1" type="stmt"/>
      <line num="36" count="1" type="stmt"/>
      <line num="37" count="1" type="stmt"/>
      <line num="42" count="1" type="cond" truecount="1" falsecount="1"/>
      <line num="43" count="1" type="stmt"/>
      <line num="44" count="1" type="stmt"/>
      <line num="45" count="1" type="stmt"/>
      <line num="50" count="0" type="cond" truecount="0" falsecount="2"/>
      <line num="51" count="0" type="stmt"/>
      <line num="52" count="0" type="stmt"/>
      <line num="53" count="0" type="stmt"/>
    </file>
    <file name="breathingExercise.js" path="C:\dev\breathing-app\js\breathingExercise.js">
      <metrics statements="42" coveredstatements="42" conditionals="4" coveredconditionals="4" methods="12" coveredmethods="12"/>
      <line num="3" count="6" type="stmt"/>
      <line num="4" count="6" type="stmt"/>
      <line num="5" count="6" type="stmt"/>
      <line num="6" count="6" type="stmt"/>
      <line num="7" count="6" type="stmt"/>
      <line num="8" count="6" type="stmt"/>
      <line num="10" count="6" type="stmt"/>
      <line num="15" count="6" type="stmt"/>
      <line num="16" count="6" type="stmt"/>
      <line num="17" count="6" type="stmt"/>
      <line num="19" count="6" type="stmt"/>
      <line num="23" count="6" type="stmt"/>
      <line num="24" count="18" type="stmt"/>
      <line num="25" count="6" type="stmt"/>
      <line num="26" count="6" type="stmt"/>
      <line num="30" count="22" type="stmt"/>
      <line num="34" count="2" type="stmt"/>
      <line num="35" count="2" type="stmt"/>
      <line num="36" count="2" type="stmt"/>
      <line num="37" count="2" type="stmt"/>
      <line num="38" count="2" type="stmt"/>
      <line num="39" count="2" type="stmt"/>
      <line num="40" count="2" type="stmt"/>
      <line num="44" count="22" type="stmt"/>
      <line num="45" count="22" type="stmt"/>
      <line num="46" count="22" type="stmt"/>
      <line num="47" count="22" type="stmt"/>
      <line num="49" count="22" type="stmt"/>
      <line num="50" count="22" type="stmt"/>
      <line num="51" count="22" type="stmt"/>
      <line num="52" count="22" type="stmt"/>
      <line num="53" count="22" type="stmt"/>
      <line num="54" count="22" type="stmt"/>
      <line num="58" count="22" type="cond" truecount="2" falsecount="0"/>
      <line num="59" count="10" type="stmt"/>
      <line num="62" count="22" type="stmt"/>
      <line num="66" count="18" type="stmt"/>
      <line num="67" count="18" type="cond" truecount="2" falsecount="0"/>
      <line num="68" count="17" type="stmt"/>
      <line num="70" count="1" type="stmt"/>
      <line num="75" count="5" type="stmt"/>
      <line num="76" count="5" type="stmt"/>
    </file>
    <file name="themeManager.js" path="C:\dev\breathing-app\js\themeManager.js">
      <metrics statements="18" coveredstatements="14" conditionals="18" coveredconditionals="11" methods="4" coveredmethods="3"/>
      <line num="2" count="4" type="stmt"/>
      <line num="3" count="4" type="stmt"/>
      <line num="6" count="8" type="stmt"/>
      <line num="7" count="8" type="cond" truecount="1" falsecount="1"/>
      <line num="8" count="0" type="stmt"/>
      <line num="9" count="0" type="cond" truecount="0" falsecount="2"/>
      <line num="11" count="8" type="stmt"/>
      <line num="13" count="8" type="cond" truecount="2" falsecount="0"/>
      <line num="14" count="8" type="cond" truecount="2" falsecount="0"/>
      <line num="18" count="4" type="stmt"/>
      <line num="19" count="4" type="cond" truecount="4" falsecount="0"/>
      <line num="22" count="4" type="stmt"/>
      <line num="23" count="4" type="stmt"/>
      <line num="24" count="4" type="cond" truecount="2" falsecount="0"/>
      <line num="25" count="4" type="stmt"/>
      <line num="29" count="4" type="stmt"/>
      <line num="30" count="0" type="cond" truecount="0" falsecount="2"/>
      <line num="31" count="0" type="cond" truecount="0" falsecount="2"/>
    </file>
  </project>
</coverage>
