{"C:\\dev\\breathing-app\\js\\audioPlayer.js": {"path":"C:\\dev\\breathing-app\\js\\audioPlayer.js","statementMap":{"0":{"start":{"line":3,"column":8},"end":{"line":3,"column":71}},"1":{"start":{"line":4,"column":8},"end":{"line":4,"column":64}},"2":{"start":{"line":5,"column":8},"end":{"line":5,"column":66}},"3":{"start":{"line":6,"column":8},"end":{"line":6,"column":36}},"4":{"start":{"line":8,"column":8},"end":{"line":8,"column":26}},"5":{"start":{"line":12,"column":8},"end":{"line":12,"column":110}},"6":{"start":{"line":12,"column":58},"end":{"line":12,"column":108}},"7":{"start":{"line":13,"column":8},"end":{"line":13,"column":69}},"8":{"start":{"line":13,"column":56},"end":{"line":13,"column":67}},"9":{"start":{"line":14,"column":8},"end":{"line":14,"column":71}},"10":{"start":{"line":14,"column":57},"end":{"line":14,"column":69}},"11":{"start":{"line":18,"column":8},"end":{"line":21,"column":9}},"12":{"start":{"line":19,"column":12},"end":{"line":19,"column":41}},"13":{"start":{"line":20,"column":12},"end":{"line":20,"column":40}},"14":{"start":{"line":22,"column":8},"end":{"line":30,"column":9}},"15":{"start":{"line":23,"column":12},"end":{"line":23,"column":79}},"16":{"start":{"line":24,"column":12},"end":{"line":24,"column":45}},"17":{"start":{"line":25,"column":12},"end":{"line":25,"column":45}},"18":{"start":{"line":26,"column":12},"end":{"line":26,"column":45}},"19":{"start":{"line":28,"column":12},"end":{"line":28,"column":44}},"20":{"start":{"line":29,"column":12},"end":{"line":29,"column":45}},"21":{"start":{"line":34,"column":8},"end":{"line":38,"column":9}},"22":{"start":{"line":35,"column":12},"end":{"line":35,"column":40}},"23":{"start":{"line":36,"column":12},"end":{"line":36,"column":44}},"24":{"start":{"line":37,"column":12},"end":{"line":37,"column":46}},"25":{"start":{"line":42,"column":8},"end":{"line":46,"column":9}},"26":{"start":{"line":43,"column":12},"end":{"line":43,"column":41}},"27":{"start":{"line":44,"column":12},"end":{"line":44,"column":45}},"28":{"start":{"line":45,"column":12},"end":{"line":45,"column":45}},"29":{"start":{"line":50,"column":8},"end":{"line":54,"column":9}},"30":{"start":{"line":51,"column":12},"end":{"line":51,"column":41}},"31":{"start":{"line":52,"column":12},"end":{"line":52,"column":45}},"32":{"start":{"line":53,"column":12},"end":{"line":53,"column":45}}},"fnMap":{"0":{"name":"(anonymous_0)","decl":{"start":{"line":2,"column":4},"end":{"line":2,"column":5}},"loc":{"start":{"line":2,"column":18},"end":{"line":9,"column":5}},"line":2},"1":{"name":"(anonymous_1)","decl":{"start":{"line":11,"column":4},"end":{"line":11,"column":5}},"loc":{"start":{"line":11,"column":17},"end":{"line":15,"column":5}},"line":11},"2":{"name":"(anonymous_2)","decl":{"start":{"line":12,"column":52},"end":{"line":12,"column":53}},"loc":{"start":{"line":12,"column":58},"end":{"line":12,"column":108}},"line":12},"3":{"name":"(anonymous_3)","decl":{"start":{"line":13,"column":50},"end":{"line":13,"column":51}},"loc":{"start":{"line":13,"column":56},"end":{"line":13,"column":67}},"line":13},"4":{"name":"(anonymous_4)","decl":{"start":{"line":14,"column":51},"end":{"line":14,"column":52}},"loc":{"start":{"line":14,"column":57},"end":{"line":14,"column":69}},"line":14},"5":{"name":"(anonymous_5)","decl":{"start":{"line":17,"column":4},"end":{"line":17,"column":5}},"loc":{"start":{"line":17,"column":37},"end":{"line":31,"column":5}},"line":17},"6":{"name":"(anonymous_6)","decl":{"start":{"line":33,"column":4},"end":{"line":33,"column":5}},"loc":{"start":{"line":33,"column":11},"end":{"line":39,"column":5}},"line":33},"7":{"name":"(anonymous_7)","decl":{"start":{"line":41,"column":4},"end":{"line":41,"column":5}},"loc":{"start":{"line":41,"column":12},"end":{"line":47,"column":5}},"line":41},"8":{"name":"(anonymous_8)","decl":{"start":{"line":49,"column":4},"end":{"line":49,"column":5}},"loc":{"start":{"line":49,"column":11},"end":{"line":55,"column":5}},"line":49}},"branchMap":{"0":{"loc":{"start":{"line":18,"column":8},"end":{"line":21,"column":9}},"type":"if","locations":[{"start":{"line":18,"column":8},"end":{"line":21,"column":9}},{"start":{},"end":{}}],"line":18},"1":{"loc":{"start":{"line":22,"column":8},"end":{"line":30,"column":9}},"type":"if","locations":[{"start":{"line":22,"column":8},"end":{"line":30,"column":9}},{"start":{"line":27,"column":15},"end":{"line":30,"column":9}}],"line":22},"2":{"loc":{"start":{"line":34,"column":8},"end":{"line":38,"column":9}},"type":"if","locations":[{"start":{"line":34,"column":8},"end":{"line":38,"column":9}},{"start":{},"end":{}}],"line":34},"3":{"loc":{"start":{"line":42,"column":8},"end":{"line":46,"column":9}},"type":"if","locations":[{"start":{"line":42,"column":8},"end":{"line":46,"column":9}},{"start":{},"end":{}}],"line":42},"4":{"loc":{"start":{"line":50,"column":8},"end":{"line":54,"column":9}},"type":"if","locations":[{"start":{"line":50,"column":8},"end":{"line":54,"column":9}},{"start":{},"end":{}}],"line":50}},"s":{"0":6,"1":6,"2":6,"3":6,"4":6,"5":6,"6":6,"7":6,"8":1,"9":6,"10":1,"11":6,"12":1,"13":1,"14":6,"15":5,"16":5,"17":5,"18":5,"19":1,"20":1,"21":1,"22":1,"23":1,"24":1,"25":1,"26":1,"27":1,"28":1,"29":0,"30":0,"31":0,"32":0},"f":{"0":6,"1":6,"2":6,"3":1,"4":1,"5":6,"6":1,"7":1,"8":0},"b":{"0":[1,5],"1":[5,1],"2":[1,0],"3":[1,0],"4":[0,0]},"_coverageSchema":"1a1c01bbd47fc00a2c39e90264f33305004495a9","hash":"8baa9a7e95ddf7752a208e1d55d447cc5fc7ce11"}
,"C:\\dev\\breathing-app\\js\\breathingExercise.js": {"path":"C:\\dev\\breathing-app\\js\\breathingExercise.js","statementMap":{"0":{"start":{"line":3,"column":8},"end":{"line":3,"column":66}},"1":{"start":{"line":4,"column":8},"end":{"line":4,"column":60}},"2":{"start":{"line":5,"column":8},"end":{"line":5,"column":60}},"3":{"start":{"line":6,"column":8},"end":{"line":6,"column":58}},"4":{"start":{"line":7,"column":8},"end":{"line":7,"column":69}},"5":{"start":{"line":8,"column":8},"end":{"line":8,"column":72}},"6":{"start":{"line":10,"column":8},"end":{"line":14,"column":10}},"7":{"start":{"line":15,"column":8},"end":{"line":15,"column":29}},"8":{"start":{"line":16,"column":8},"end":{"line":16,"column":70}},"9":{"start":{"line":17,"column":8},"end":{"line":17,"column":35}},"10":{"start":{"line":19,"column":8},"end":{"line":19,"column":26}},"11":{"start":{"line":23,"column":8},"end":{"line":23,"column":57}},"12":{"start":{"line":24,"column":8},"end":{"line":24,"column":85}},"13":{"start":{"line":24,"column":62},"end":{"line":24,"column":83}},"14":{"start":{"line":25,"column":8},"end":{"line":25,"column":71}},"15":{"start":{"line":25,"column":57},"end":{"line":25,"column":69}},"16":{"start":{"line":26,"column":8},"end":{"line":26,"column":70}},"17":{"start":{"line":26,"column":56},"end":{"line":26,"column":68}},"18":{"start":{"line":30,"column":8},"end":{"line":30,"column":58}},"19":{"start":{"line":34,"column":8},"end":{"line":34,"column":62}},"20":{"start":{"line":35,"column":8},"end":{"line":35,"column":40}},"21":{"start":{"line":36,"column":8},"end":{"line":36,"column":48}},"22":{"start":{"line":37,"column":8},"end":{"line":37,"column":42}},"23":{"start":{"line":38,"column":8},"end":{"line":38,"column":40}},"24":{"start":{"line":39,"column":8},"end":{"line":39,"column":35}},"25":{"start":{"line":40,"column":8},"end":{"line":40,"column":53}},"26":{"start":{"line":44,"column":22},"end":{"line":44,"column":40}},"27":{"start":{"line":45,"column":8},"end":{"line":45,"column":50}},"28":{"start":{"line":46,"column":8},"end":{"line":46,"column":71}},"29":{"start":{"line":47,"column":8},"end":{"line":47,"column":41}},"30":{"start":{"line":49,"column":8},"end":{"line":56,"column":11}},"31":{"start":{"line":50,"column":12},"end":{"line":50,"column":44}},"32":{"start":{"line":51,"column":12},"end":{"line":51,"column":52}},"33":{"start":{"line":52,"column":12},"end":{"line":55,"column":15}},"34":{"start":{"line":53,"column":16},"end":{"line":53,"column":83}},"35":{"start":{"line":54,"column":16},"end":{"line":54,"column":51}},"36":{"start":{"line":58,"column":8},"end":{"line":60,"column":9}},"37":{"start":{"line":59,"column":12},"end":{"line":59,"column":29}},"38":{"start":{"line":62,"column":8},"end":{"line":62,"column":95}},"39":{"start":{"line":66,"column":8},"end":{"line":66,"column":33}},"40":{"start":{"line":67,"column":8},"end":{"line":71,"column":9}},"41":{"start":{"line":68,"column":12},"end":{"line":68,"column":52}},"42":{"start":{"line":70,"column":12},"end":{"line":70,"column":25}},"43":{"start":{"line":75,"column":8},"end":{"line":75,"column":41}},"44":{"start":{"line":76,"column":8},"end":{"line":76,"column":48}}},"fnMap":{"0":{"name":"(anonymous_0)","decl":{"start":{"line":2,"column":4},"end":{"line":2,"column":5}},"loc":{"start":{"line":2,"column":18},"end":{"line":20,"column":5}},"line":2},"1":{"name":"(anonymous_1)","decl":{"start":{"line":22,"column":4},"end":{"line":22,"column":5}},"loc":{"start":{"line":22,"column":17},"end":{"line":27,"column":5}},"line":22},"2":{"name":"(anonymous_2)","decl":{"start":{"line":24,"column":56},"end":{"line":24,"column":57}},"loc":{"start":{"line":24,"column":62},"end":{"line":24,"column":83}},"line":24},"3":{"name":"(anonymous_3)","decl":{"start":{"line":25,"column":51},"end":{"line":25,"column":52}},"loc":{"start":{"line":25,"column":57},"end":{"line":25,"column":69}},"line":25},"4":{"name":"(anonymous_4)","decl":{"start":{"line":26,"column":50},"end":{"line":26,"column":51}},"loc":{"start":{"line":26,"column":56},"end":{"line":26,"column":68}},"line":26},"5":{"name":"(anonymous_5)","decl":{"start":{"line":29,"column":4},"end":{"line":29,"column":5}},"loc":{"start":{"line":29,"column":22},"end":{"line":31,"column":5}},"line":29},"6":{"name":"(anonymous_6)","decl":{"start":{"line":33,"column":4},"end":{"line":33,"column":5}},"loc":{"start":{"line":33,"column":12},"end":{"line":41,"column":5}},"line":33},"7":{"name":"(anonymous_7)","decl":{"start":{"line":43,"column":4},"end":{"line":43,"column":5}},"loc":{"start":{"line":43,"column":22},"end":{"line":63,"column":5}},"line":43},"8":{"name":"(anonymous_8)","decl":{"start":{"line":49,"column":30},"end":{"line":49,"column":31}},"loc":{"start":{"line":49,"column":36},"end":{"line":56,"column":9}},"line":49},"9":{"name":"(anonymous_9)","decl":{"start":{"line":52,"column":34},"end":{"line":52,"column":35}},"loc":{"start":{"line":52,"column":40},"end":{"line":55,"column":13}},"line":52},"10":{"name":"(anonymous_10)","decl":{"start":{"line":65,"column":4},"end":{"line":65,"column":5}},"loc":{"start":{"line":65,"column":21},"end":{"line":72,"column":5}},"line":65},"11":{"name":"(anonymous_11)","decl":{"start":{"line":74,"column":4},"end":{"line":74,"column":5}},"loc":{"start":{"line":74,"column":12},"end":{"line":77,"column":5}},"line":74}},"branchMap":{"0":{"loc":{"start":{"line":58,"column":8},"end":{"line":60,"column":9}},"type":"if","locations":[{"start":{"line":58,"column":8},"end":{"line":60,"column":9}},{"start":{},"end":{}}],"line":58},"1":{"loc":{"start":{"line":67,"column":8},"end":{"line":71,"column":9}},"type":"if","locations":[{"start":{"line":67,"column":8},"end":{"line":71,"column":9}},{"start":{"line":69,"column":15},"end":{"line":71,"column":9}}],"line":67}},"s":{"0":6,"1":6,"2":6,"3":6,"4":6,"5":6,"6":6,"7":6,"8":6,"9":6,"10":6,"11":6,"12":6,"13":18,"14":6,"15":5,"16":6,"17":1,"18":22,"19":2,"20":2,"21":2,"22":2,"23":2,"24":2,"25":2,"26":22,"27":22,"28":22,"29":22,"30":22,"31":22,"32":22,"33":22,"34":22,"35":22,"36":22,"37":10,"38":22,"39":18,"40":18,"41":17,"42":1,"43":5,"44":5},"f":{"0":6,"1":6,"2":18,"3":5,"4":1,"5":22,"6":2,"7":22,"8":22,"9":22,"10":18,"11":5},"b":{"0":[10,12],"1":[17,1]},"_coverageSchema":"1a1c01bbd47fc00a2c39e90264f33305004495a9","hash":"91ca1e2dc5dd033ec70dd254d4ee9ed9d6fdd072"}
,"C:\\dev\\breathing-app\\js\\themeManager.js": {"path":"C:\\dev\\breathing-app\\js\\themeManager.js","statementMap":{"0":{"start":{"line":2,"column":24},"end":{"line":2,"column":63}},"1":{"start":{"line":3,"column":30},"end":{"line":3,"column":79}},"2":{"start":{"line":6,"column":8},"end":{"line":6,"column":56}},"3":{"start":{"line":7,"column":8},"end":{"line":12,"column":9}},"4":{"start":{"line":8,"column":12},"end":{"line":8,"column":45}},"5":{"start":{"line":9,"column":12},"end":{"line":9,"column":65}},"6":{"start":{"line":11,"column":12},"end":{"line":11,"column":49}},"7":{"start":{"line":13,"column":8},"end":{"line":13,"column":91}},"8":{"start":{"line":14,"column":8},"end":{"line":14,"column":105}},"9":{"start":{"line":18,"column":23},"end":{"line":18,"column":52}},"10":{"start":{"line":19,"column":4},"end":{"line":19,"column":75}},"11":{"start":{"line":22,"column":4},"end":{"line":26,"column":7}},"12":{"start":{"line":23,"column":29},"end":{"line":23,"column":69}},"13":{"start":{"line":24,"column":25},"end":{"line":24,"column":68}},"14":{"start":{"line":25,"column":8},"end":{"line":25,"column":27}},"15":{"start":{"line":29,"column":4},"end":{"line":33,"column":7}},"16":{"start":{"line":30,"column":8},"end":{"line":32,"column":9}},"17":{"start":{"line":31,"column":12},"end":{"line":31,"column":51}}},"fnMap":{"0":{"name":"initializeTheme","decl":{"start":{"line":1,"column":16},"end":{"line":1,"column":31}},"loc":{"start":{"line":1,"column":34},"end":{"line":34,"column":1}},"line":1},"1":{"name":"setTheme","decl":{"start":{"line":5,"column":13},"end":{"line":5,"column":21}},"loc":{"start":{"line":5,"column":29},"end":{"line":15,"column":5}},"line":5},"2":{"name":"(anonymous_2)","decl":{"start":{"line":22,"column":42},"end":{"line":22,"column":43}},"loc":{"start":{"line":22,"column":48},"end":{"line":26,"column":5}},"line":22},"3":{"name":"(anonymous_3)","decl":{"start":{"line":29,"column":49},"end":{"line":29,"column":50}},"loc":{"start":{"line":29,"column":56},"end":{"line":33,"column":5}},"line":29}},"branchMap":{"0":{"loc":{"start":{"line":7,"column":8},"end":{"line":12,"column":9}},"type":"if","locations":[{"start":{"line":7,"column":8},"end":{"line":12,"column":9}},{"start":{"line":10,"column":15},"end":{"line":12,"column":9}}],"line":7},"1":{"loc":{"start":{"line":9,"column":20},"end":{"line":9,"column":64}},"type":"cond-expr","locations":[{"start":{"line":9,"column":48},"end":{"line":9,"column":54}},{"start":{"line":9,"column":57},"end":{"line":9,"column":64}}],"line":9},"2":{"loc":{"start":{"line":13,"column":47},"end":{"line":13,"column":83}},"type":"cond-expr","locations":[{"start":{"line":13,"column":67},"end":{"line":13,"column":73}},{"start":{"line":13,"column":76},"end":{"line":13,"column":83}}],"line":13},"3":{"loc":{"start":{"line":14,"column":60},"end":{"line":14,"column":96}},"type":"cond-expr","locations":[{"start":{"line":14,"column":80},"end":{"line":14,"column":86}},{"start":{"line":14,"column":89},"end":{"line":14,"column":96}}],"line":14},"4":{"loc":{"start":{"line":19,"column":13},"end":{"line":19,"column":73}},"type":"binary-expr","locations":[{"start":{"line":19,"column":13},"end":{"line":19,"column":23}},{"start":{"line":19,"column":28},"end":{"line":19,"column":72}}],"line":19},"5":{"loc":{"start":{"line":19,"column":28},"end":{"line":19,"column":72}},"type":"cond-expr","locations":[{"start":{"line":19,"column":56},"end":{"line":19,"column":62}},{"start":{"line":19,"column":65},"end":{"line":19,"column":72}}],"line":19},"6":{"loc":{"start":{"line":24,"column":25},"end":{"line":24,"column":68}},"type":"cond-expr","locations":[{"start":{"line":24,"column":52},"end":{"line":24,"column":58}},{"start":{"line":24,"column":61},"end":{"line":24,"column":68}}],"line":24},"7":{"loc":{"start":{"line":30,"column":8},"end":{"line":32,"column":9}},"type":"if","locations":[{"start":{"line":30,"column":8},"end":{"line":32,"column":9}},{"start":{},"end":{}}],"line":30},"8":{"loc":{"start":{"line":31,"column":21},"end":{"line":31,"column":49}},"type":"cond-expr","locations":[{"start":{"line":31,"column":33},"end":{"line":31,"column":39}},{"start":{"line":31,"column":42},"end":{"line":31,"column":49}}],"line":31}},"s":{"0":4,"1":4,"2":8,"3":8,"4":0,"5":0,"6":8,"7":8,"8":8,"9":4,"10":4,"11":4,"12":4,"13":4,"14":4,"15":4,"16":0,"17":0},"f":{"0":4,"1":8,"2":4,"3":0},"b":{"0":[0,8],"1":[0,0],"2":[5,3],"3":[5,3],"4":[4,4],"5":[1,3],"6":[2,2],"7":[0,0],"8":[0,0]},"_coverageSchema":"1a1c01bbd47fc00a2c39e90264f33305004495a9","hash":"2d241e18f984fdaf79d4aaecdad009a66eec6c00"}
}
