TN:
SF:js\audioPlayer.js
FN:2,(anonymous_0)
FN:11,(anonymous_1)
FN:12,(anonymous_2)
FN:13,(anonymous_3)
FN:14,(anonymous_4)
FN:17,(anonymous_5)
FN:33,(anonymous_6)
FN:41,(anonymous_7)
FN:49,(anonymous_8)
FNF:9
FNH:8
FNDA:6,(anonymous_0)
FNDA:6,(anonymous_1)
FNDA:6,(anonymous_2)
FNDA:1,(anonymous_3)
FNDA:1,(anonymous_4)
FNDA:6,(anonymous_5)
FNDA:1,(anonymous_6)
FNDA:1,(anonymous_7)
FNDA:0,(anonymous_8)
DA:3,6
DA:4,6
DA:5,6
DA:6,6
DA:8,6
DA:12,6
DA:13,6
DA:14,6
DA:18,6
DA:19,1
DA:20,1
DA:22,6
DA:23,5
DA:24,5
DA:25,5
DA:26,5
DA:28,1
DA:29,1
DA:34,1
DA:35,1
DA:36,1
DA:37,1
DA:42,1
DA:43,1
DA:44,1
DA:45,1
DA:50,0
DA:51,0
DA:52,0
DA:53,0
LF:30
LH:26
BRDA:18,0,0,1
BRDA:18,0,1,5
BRDA:22,1,0,5
BRDA:22,1,1,1
BRDA:34,2,0,1
BRDA:34,2,1,0
BRDA:42,3,0,1
BRDA:42,3,1,0
BRDA:50,4,0,0
BRDA:50,4,1,0
BRF:10
BRH:6
end_of_record
TN:
SF:js\breathingExercise.js
FN:2,(anonymous_0)
FN:22,(anonymous_1)
FN:24,(anonymous_2)
FN:25,(anonymous_3)
FN:26,(anonymous_4)
FN:29,(anonymous_5)
FN:33,(anonymous_6)
FN:43,(anonymous_7)
FN:49,(anonymous_8)
FN:52,(anonymous_9)
FN:65,(anonymous_10)
FN:74,(anonymous_11)
FNF:12
FNH:12
FNDA:6,(anonymous_0)
FNDA:6,(anonymous_1)
FNDA:18,(anonymous_2)
FNDA:5,(anonymous_3)
FNDA:1,(anonymous_4)
FNDA:22,(anonymous_5)
FNDA:2,(anonymous_6)
FNDA:22,(anonymous_7)
FNDA:22,(anonymous_8)
FNDA:22,(anonymous_9)
FNDA:18,(anonymous_10)
FNDA:5,(anonymous_11)
DA:3,6
DA:4,6
DA:5,6
DA:6,6
DA:7,6
DA:8,6
DA:10,6
DA:15,6
DA:16,6
DA:17,6
DA:19,6
DA:23,6
DA:24,18
DA:25,6
DA:26,6
DA:30,22
DA:34,2
DA:35,2
DA:36,2
DA:37,2
DA:38,2
DA:39,2
DA:40,2
DA:44,22
DA:45,22
DA:46,22
DA:47,22
DA:49,22
DA:50,22
DA:51,22
DA:52,22
DA:53,22
DA:54,22
DA:58,22
DA:59,10
DA:62,22
DA:66,18
DA:67,18
DA:68,17
DA:70,1
DA:75,5
DA:76,5
LF:42
LH:42
BRDA:58,0,0,10
BRDA:58,0,1,12
BRDA:67,1,0,17
BRDA:67,1,1,1
BRF:4
BRH:4
end_of_record
TN:
SF:js\themeManager.js
FN:1,initializeTheme
FN:5,setTheme
FN:22,(anonymous_2)
FN:29,(anonymous_3)
FNF:4
FNH:3
FNDA:4,initializeTheme
FNDA:8,setTheme
FNDA:4,(anonymous_2)
FNDA:0,(anonymous_3)
DA:2,4
DA:3,4
DA:6,8
DA:7,8
DA:8,0
DA:9,0
DA:11,8
DA:13,8
DA:14,8
DA:18,4
DA:19,4
DA:22,4
DA:23,4
DA:24,4
DA:25,4
DA:29,4
DA:30,0
DA:31,0
LF:18
LH:14
BRDA:7,0,0,0
BRDA:7,0,1,8
BRDA:9,1,0,0
BRDA:9,1,1,0
BRDA:13,2,0,5
BRDA:13,2,1,3
BRDA:14,3,0,5
BRDA:14,3,1,3
BRDA:19,4,0,4
BRDA:19,4,1,4
BRDA:19,5,0,1
BRDA:19,5,1,3
BRDA:24,6,0,2
BRDA:24,6,1,2
BRDA:30,7,0,0
BRDA:30,7,1,0
BRDA:31,8,0,0
BRDA:31,8,1,0
BRF:18
BRH:11
end_of_record
